[debug] [2023-05-05T14:00:44.380Z] ----------------------------------------------------------------------
[debug] [2023-05-05T14:00:44.383Z] Command:       C:\Program Files\nodejs\node.exe D:\Hanna\Frontend\course2\it-academy-project\node_modules\firebase-tools\lib\bin\firebase.js init
[debug] [2023-05-05T14:00:44.384Z] CLI Version:   11.29.1
[debug] [2023-05-05T14:00:44.384Z] Platform:      win32
[debug] [2023-05-05T14:00:44.384Z] Node Version:  v19.1.0
[debug] [2023-05-05T14:00:44.384Z] Time:          Fri May 05 2023 17:00:44 GMT+0300 (Москва, стандартное время)
[debug] [2023-05-05T14:00:44.384Z] ----------------------------------------------------------------------
[debug] 
[debug] [2023-05-05T14:00:44.392Z] > command requires scopes: ["email","openid","https://www.googleapis.com/auth/cloudplatformprojects.readonly","https://www.googleapis.com/auth/firebase","https://www.googleapis.com/auth/cloud-platform"]
[debug] [2023-05-05T14:00:44.392Z] > authorizing via signed-in user (hanna.ivanovadl@gmail.com)
[info] 
     ######## #### ########  ######## ########     ###     ######  ########
     ##        ##  ##     ## ##       ##     ##  ##   ##  ##       ##
     ######    ##  ########  ######   ########  #########  ######  ######
     ##        ##  ##    ##  ##       ##     ## ##     ##       ## ##
     ##       #### ##     ## ######## ########  ##     ##  ######  ########

You're about to initialize a Firebase project in this directory:

  D:\Hanna\Frontend\course2\it-academy-project

[info] 
=== Project Setup
[info] 
[info] First, let's associate this project directory with a Firebase project.
[info] You can create multiple project aliases by running firebase use --add, 
[info] but for now we'll just set up a default project.
[info] 
[debug] [2023-05-05T14:01:01.091Z] >>> [apiv2][query] GET https://firebase.googleapis.com/v1beta1/projects pageSize=100
[debug] [2023-05-05T14:01:01.631Z] <<< [apiv2][status] GET https://firebase.googleapis.com/v1beta1/projects 200
[debug] [2023-05-05T14:01:01.631Z] <<< [apiv2][body] GET https://firebase.googleapis.com/v1beta1/projects [omitted]
[info] i  Using project flower-shop-38d84 (Flower-shop) 
[info] 
=== Hosting Setup
[info] 
[info] Your public directory is the folder (relative to your project directory) that
[info] will contain Hosting assets to be uploaded with firebase deploy. If you
[info] have a build process for your assets, use your build's output directory.
[info] 
[debug] [2023-05-05T14:01:38.476Z] >>> [apiv2][query] GET https://www.gstatic.com/firebasejs/releases.json [none]
[debug] [2023-05-05T14:01:38.596Z] <<< [apiv2][status] GET https://www.gstatic.com/firebasejs/releases.json 200
[debug] [2023-05-05T14:01:38.596Z] <<< [apiv2][body] GET https://www.gstatic.com/firebasejs/releases.json {"current":{"version":"9.21.0","browserURL":"https://www.gstatic.com/firebasejs/9.21.0/firebase.js","packageURL":"https://www.gstatic.com/firebasejs/9.21.0/firebase.tgz"},"live":{"version":"9.21","browserURL":"https://www.gstatic.com/firebasejs/live/9.21/firebase.js","packageURL":"https://www.gstatic.com/firebasejs/live/9.21/firebase.tgz"},"components":{"analytics":"https://www.gstatic.com/firebasejs/9.21.0/firebase-analytics.js","app":"https://www.gstatic.com/firebasejs/9.21.0/firebase-app.js","app-check":"https://www.gstatic.com/firebasejs/9.21.0/firebase-app-check.js","auth":"https://www.gstatic.com/firebasejs/9.21.0/firebase-auth.js","auth/cordova":"https://www.gstatic.com/firebasejs/9.21.0/firebase-auth/cordova.js","auth/react-native":"https://www.gstatic.com/firebasejs/9.21.0/firebase-auth/react-native.js","functions":"https://www.gstatic.com/firebasejs/9.21.0/firebase-functions.js","firestore":"https://www.gstatic.com/firebasejs/9.21.0/firebase-firestore.js","firestore/lite":"https://www.gstatic.com/firebasejs/9.21.0/firebase-firestore/lite.js","installations":"https://www.gstatic.com/firebasejs/9.21.0/firebase-installations.js","storage":"https://www.gstatic.com/firebasejs/9.21.0/firebase-storage.js","performance":"https://www.gstatic.com/firebasejs/9.21.0/firebase-performance.js","remote-config":"https://www.gstatic.com/firebasejs/9.21.0/firebase-remote-config.js","messaging":"https://www.gstatic.com/firebasejs/9.21.0/firebase-messaging.js","messaging/sw":"https://www.gstatic.com/firebasejs/9.21.0/firebase-messaging/sw.js","database":"https://www.gstatic.com/firebasejs/9.21.0/firebase-database.js","firestore.memory":"https://www.gstatic.com/firebasejs/9.21.0/firebase-firestore.memory.js"}}
[info] +  Wrote public/index.html 
[info] 
[info] i  Detected a .git folder at D:\Hanna\Frontend\course2\it-academy-project 
[info] i  Authorizing with GitHub to upload your service account to a GitHub repository's secrets store. 
[info] 
[info] Visit this URL on this device to log in:
[info] https://github.com/login/oauth/authorize?client_id=89cf50f02ac6aaed3484&state=388050070&redirect_uri=http%3A%2F%2Flocalhost%3A9005&scope=read%3Auser%20repo%20public_repo
[info] 
[info] Waiting for authentication...
[debug] [2023-05-05T14:05:35.643Z] >>> [apiv2][query] POST https://github.com/login/oauth/access_token [none]
[debug] [2023-05-05T14:05:35.647Z] >>> [apiv2][body] POST https://github.com/login/oauth/access_token [stream]
[debug] [2023-05-05T14:05:35.981Z] <<< [apiv2][status] POST https://github.com/login/oauth/access_token 200
[debug] [2023-05-05T14:05:35.981Z] <<< [apiv2][body] POST https://github.com/login/oauth/access_token {"access_token":"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","token_type":"bearer","scope":"read:user,repo"}
[debug] [2023-05-05T14:05:35.994Z] >>> [apiv2][query] GET https://api.github.com/user [none]
[debug] [2023-05-05T14:05:36.322Z] <<< [apiv2][status] GET https://api.github.com/user 200
[debug] [2023-05-05T14:05:36.323Z] <<< [apiv2][body] GET https://api.github.com/user {"login":"Hanna-ivanova","id":101669502,"node_id":"U_kgDOBg9afg","avatar_url":"https://avatars.githubusercontent.com/u/101669502?v=4","gravatar_id":"","url":"https://api.github.com/users/Hanna-ivanova","html_url":"https://github.com/Hanna-ivanova","followers_url":"https://api.github.com/users/Hanna-ivanova/followers","following_url":"https://api.github.com/users/Hanna-ivanova/following{/other_user}","gists_url":"https://api.github.com/users/Hanna-ivanova/gists{/gist_id}","starred_url":"https://api.github.com/users/Hanna-ivanova/starred{/owner}{/repo}","subscriptions_url":"https://api.github.com/users/Hanna-ivanova/subscriptions","organizations_url":"https://api.github.com/users/Hanna-ivanova/orgs","repos_url":"https://api.github.com/users/Hanna-ivanova/repos","events_url":"https://api.github.com/users/Hanna-ivanova/events{/privacy}","received_events_url":"https://api.github.com/users/Hanna-ivanova/received_events","type":"User","site_admin":false,"name":"Hanna Ivanova","company":"IT-Academy","blog":"linkedin.com/in/hanna-ivanova-8a76bb192/","location":"Belarus","email":null,"hireable":null,"bio":"Trainee at IT-Academy. Have HTML5&CSS skills. Right now in the process of JS learning..","twitter_username":null,"public_repos":5,"public_gists":0,"followers":3,"following":4,"created_at":"2022-03-15T19:33:10Z","updated_at":"2023-05-05T14:04:58Z","private_gists":0,"total_private_repos":0,"owned_private_repos":0,"disk_usage":11849,"collaborators":0,"two_factor_authentication":false,"plan":{"name":"free","space":976562499,"collaborators":0,"private_repos":10000}}
[info] 
[info] +  Success! Logged into GitHub as Hanna-ivanova 
[info] 
[debug] [2023-05-05T14:05:46.016Z] >>> [apiv2][query] GET https://api.github.com/repos//actions/secrets/public-key type=owner
[debug] [2023-05-05T14:05:46.350Z] <<< [apiv2][status] GET https://api.github.com/repos//actions/secrets/public-key 404
[debug] [2023-05-05T14:05:46.351Z] <<< [apiv2][body] GET https://api.github.com/repos//actions/secrets/public-key {"message":"Not Found","documentation_url":"https://docs.github.com/rest"}
[info] 
[info] 
[error] !  The provided authorization cannot be used with this repository. If this repository is in an organization, did you remember to grant access? 
[info] 
[info] i  Action required: Visit this URL to ensure access has been granted to the appropriate organization(s) for the Firebase CLI GitHub OAuth App: 
[info] https://github.com/settings/connections/applications/89cf50f02ac6aaed3484
[info] 
